{
  "stats": {
    "suites": 2,
    "tests": 5,
    "passes": 5,
    "pending": 0,
    "failures": 0,
    "start": "2019-05-02T15:46:05.547Z",
    "end": "2019-05-02T15:46:05.547Z",
    "duration": 42862,
    "testsRegistered": 5,
    "passPercent": 100,
    "pendingPercent": 0,
    "other": 0,
    "hasOther": false,
    "skipped": 0,
    "hasSkipped": false,
    "passPercentClass": "warning",
    "pendingPercentClass": "danger"
  },
  "suites": {
    "uuid": "bc55e7bb-17cb-4018-8f2b-46f339b3df8e",
    "tests": [],
    "suites": [
      {
        "uuid": "38a5b4df-7220-4ba2-a63b-39e54985f2fb",
        "title": "API Suite using Cypress",
        "fullFile": "",
        "file": "",
        "beforeHooks": [],
        "afterHooks": [],
        "tests": [
          {
            "title": "Get Method - Pet Store",
            "fullTitle": "API Suite using Cypress Get Method - Pet Store",
            "duration": 1219,
            "state": "passed",
            "speed": "slow",
            "pass": true,
            "fail": false,
            "pending": false,
            "code": "cy.request({\n  method: 'GET',\n  url: 'http://petstore.swagger.io/v2/pet/2',\n  response: []\n}).then(function (response) {\n  cy.log(response.body);\n  assert.equal(response.status, 200);\n  expect(response.body).is.not.null;\n});",
            "err": {},
            "isRoot": false,
            "uuid": "19ec6b0e-b00b-4b9c-8876-513fab7815b6",
            "isHook": false,
            "skipped": false
          },
          {
            "title": "Post Method - Store Order",
            "fullTitle": "API Suite using Cypress Post Method - Store Order",
            "duration": 795,
            "state": "passed",
            "speed": "slow",
            "pass": true,
            "fail": false,
            "pending": false,
            "code": "cy.request('POST', 'http://petstore.swagger.io/v2/store/order', body).then(function (response) {\n  cy.log(response.body);\n  expect(response).to.have.property('headers');\n  expect(response.status).to.eq(200);\n  expect(response.body).is.not.null;\n});",
            "err": {},
            "isRoot": false,
            "uuid": "26db6558-dbed-4af3-a162-b7dc3df54d44",
            "isHook": false,
            "skipped": false
          }
        ],
        "suites": [],
        "passes": [
          "19ec6b0e-b00b-4b9c-8876-513fab7815b6",
          "26db6558-dbed-4af3-a162-b7dc3df54d44"
        ],
        "failures": [],
        "pending": [],
        "skipped": [],
        "duration": 2014,
        "root": false,
        "rootEmpty": false,
        "_timeout": 2000
      },
      {
        "uuid": "37134e22-b149-4443-90de-6d457d3acec1",
        "title": "UI Test Suite using Cypress",
        "fullFile": "",
        "file": "",
        "beforeHooks": [],
        "afterHooks": [],
        "tests": [
          {
            "title": "Verify Assert Methods -1",
            "fullTitle": "UI Test Suite using Cypress Verify Assert Methods -1",
            "duration": 92,
            "state": "passed",
            "speed": "slow",
            "pass": true,
            "fail": false,
            "pending": false,
            "code": "expect(true).to.equal(true);",
            "err": {},
            "isRoot": false,
            "uuid": "82eb63ec-886a-4c3c-bf6f-eeca27f87094",
            "isHook": false,
            "skipped": false
          },
          {
            "title": "launch google and search your name",
            "fullTitle": "UI Test Suite using Cypress launch google and search your name",
            "duration": 7154,
            "state": "passed",
            "speed": "slow",
            "pass": true,
            "fail": false,
            "pending": false,
            "code": "cy.visit('www.google.com');\ncy.get('[name=\"q\"]').focus().type('Cypress Documentation');\ncy.get('[value=\"Google Search\"]').eq(0).click();",
            "err": {},
            "isRoot": false,
            "uuid": "c46a71ba-f559-44d2-a24f-faea83eedecb",
            "isHook": false,
            "skipped": false
          },
          {
            "title": "create travel ticket",
            "fullTitle": "UI Test Suite using Cypress create travel ticket",
            "duration": 33602,
            "state": "passed",
            "speed": "slow",
            "pass": true,
            "fail": false,
            "pending": false,
            "code": "cy.visit('http://newtours.demoaut.com/');\ncy.log('Launched Tour & Travels Application');\ncy.screenshot(); //Login to Application\ncy.xpath(\"//input[@name='userName']\").type('mercury');\ncy.xpath(\"//input[@name='password']\").type('mercury');\ncy.xpath(\"//input[@name='login']\").click();\ncy.screenshot(); //Flight Details\ncy.get('[name=\"passCount\"]').focus().select('2');\ncy.get('[name=\"fromPort\"]').focus().select('Sydney');\ncy.get('[name=\"fromMonth\"]').focus().select('July');\ncy.get('[name=\"fromDay\"]').focus().select('16');\ncy.get('[name=\"toPort\"]').focus().select('Paris');\ncy.get('[name=\"toMonth\"]').focus().select('July');\ncy.get('[name=\"toDay\"]').focus().select('24');\ncy.screenshot(); //Preferences\ncy.get('[type=\"radio\"]').check('First');\ncy.xpath(\"//input[@name='findFlights']\").click();\ncy.xpath(\"//input[@name='reserveFlights']\").click();\ncy.screenshot(); //Passenger\ncy.xpath(\"//input[@name='passFirst0']\").type('Jon');\ncy.xpath(\"//input[@name='passLast0']\").type('Kesha'); //Credit Card\ncy.xpath(\"//input[@name='creditnumber']\").type('367502652456');\ncy.screenshot(); //Secure Payments\ncy.xpath(\"//input[@name='buyFlights']\").click(); //Get Flight Confirmation\ncy.xpath(\"//td[@class='frame_header_info']//font/b/font[1]\").invoke('text').should(function (text) {\n  cy.log(text);\n});\ncy.screenshot(); //Log Off\ncy.get('[href=\"mercurysignoff.php\"]').eq(0).click();",
            "err": {},
            "isRoot": false,
            "uuid": "903fa42a-caf9-4c44-a712-e53f026b16ad",
            "isHook": false,
            "skipped": false
          }
        ],
        "suites": [],
        "passes": [
          "82eb63ec-886a-4c3c-bf6f-eeca27f87094",
          "c46a71ba-f559-44d2-a24f-faea83eedecb",
          "903fa42a-caf9-4c44-a712-e53f026b16ad"
        ],
        "failures": [],
        "pending": [],
        "skipped": [],
        "duration": 40848,
        "root": false,
        "rootEmpty": false,
        "_timeout": 2000
      }
    ],
    "duration": 42862,
    "root": true,
    "rootEmpty": true,
    "title": "",
    "fullFile": "",
    "file": "",
    "beforeHooks": [],
    "afterHooks": [],
    "passes": [],
    "failures": [],
    "pending": [],
    "skipped": [],
    "_timeout": 2000
  },
  "copyrightYear": 2019
}